<?xml version="1.0" encoding="UTF-8"?>
<!-- Generated by org.testng.reporters.JUnitXMLReporter -->
<testsuite hostname="Mohammeds-MacBook-Pro-2.local" name="IOSTest" tests="20" failures="0" timestamp="26 Jan 2019 05:03:06 GMT" time="271.788" errors="0">
  <testcase name="buttonIconCheckTest" time="2.029" classname="testclasses.TestHomePageItems"/>
  <testcase name="controlsButtonCheckTest" time="2.038" classname="testclasses.TestHomePageItems"/>
  <testcase name="controlsIconCheckTest" time="2.034" classname="testclasses.TestHomePageItems"/>
  <testcase name="pickersIconCheckText" time="2.053" classname="testclasses.TestHomePageItems"/>
  <testcase name="searchBarIconCheckTest" time="2.052" classname="testclasses.TestHomePageItems"/>
  <testcase name="textFieldsCheckTest" time="2.04" classname="testclasses.TestHomePageItems"/>
  <testcase name="textFieldsIconCheckTest" time="2.081" classname="testclasses.TestHomePageItems"/>
  <testcase name="textViewIconCheckTest" time="2.069" classname="testclasses.TestHomePageItems"/>
  <testcase name="firstSegmentLeftTest" time="2.548" classname="testclasses.TestSegments"/>
  <testcase name="firstSegmentMidTest" time="2.43" classname="testclasses.TestSegments"/>
  <testcase name="firstSegmentRightTest" time="2.555" classname="testclasses.TestSegments"/>
  <testcase name="secondSegmentLeftTest" time="2.558" classname="testclasses.TestSegments"/>
  <testcase name="secondSegmentMidTest" time="2.407" classname="testclasses.TestSegments"/>
  <testcase name="secondSegmentRightTest" time="2.546" classname="testclasses.TestSegments"/>
  <testcase name="segmentTabValidation" time="2.448" classname="testclasses.TestSegments"/>
  <testcase name="firstTextFieldsTest" time="11.897" classname="testclasses.TextFieldsTest"/>
  <testcase name="fourthTextFieldsTest" time="9.504" classname="testclasses.TextFieldsTest"/>
  <testcase name="secondTextFieldsTest" time="9.188" classname="testclasses.TextFieldsTest"/>
  <testcase name="textFieldPageValidation" time="4.969" classname="testclasses.TextFieldsTest"/>
  <testcase name="thirdTextFieldsTest" time="9.091" classname="testclasses.TextFieldsTest"/>
</testsuite> <!-- IOSTest -->
