<?xml version="1.0" encoding="UTF-8"?>
<testsuite xmlns:xsi="http://www.w3.org/2001/XMLSchema-instance" xsi:noNamespaceSchemaLocation="https://maven.apache.org/surefire/maven-surefire-plugin/xsd/surefire-test-report.xsd" name="TestSuite" time="272.487" tests="20" errors="0" skipped="0" failures="0">
  <properties>
[...]
</properties>
  <testcase name="buttonIconCheckTest" classname="testclasses.TestHomePageItems" time="2.029"/>
  <testcase name="controlsButtonCheckTest" classname="testclasses.TestHomePageItems" time="2.038"/>
  <testcase name="controlsIconCheckTest" classname="testclasses.TestHomePageItems" time="2.033"/>
  <testcase name="pickersIconCheckText" classname="testclasses.TestHomePageItems" time="2.052"/>
  <testcase name="searchBarIconCheckTest" classname="testclasses.TestHomePageItems" time="2.052"/>
  <testcase name="textFieldsCheckTest" classname="testclasses.TestHomePageItems" time="2.041"/>
  <testcase name="textFieldsIconCheckTest" classname="testclasses.TestHomePageItems" time="2.081"/>
  <testcase name="textViewIconCheckTest" classname="testclasses.TestHomePageItems" time="2.07"/>
  <testcase name="firstSegmentLeftTest" classname="testclasses.TestSegments" time="2.549"/>
  <testcase name="firstSegmentMidTest" classname="testclasses.TestSegments" time="2.43"/>
  <testcase name="firstSegmentRightTest" classname="testclasses.TestSegments" time="2.555"/>
  <testcase name="secondSegmentLeftTest" classname="testclasses.TestSegments" time="2.558"/>
  <testcase name="secondSegmentMidTest" classname="testclasses.TestSegments" time="2.407"/>
  <testcase name="secondSegmentRightTest" classname="testclasses.TestSegments" time="2.547"/>
  <testcase name="segmentTabValidation" classname="testclasses.TestSegments" time="2.448"/>
  <testcase name="firstTextFieldsTest" classname="testclasses.TextFieldsTest" time="11.897"/>
  <testcase name="fourthTextFieldsTest" classname="testclasses.TextFieldsTest" time="9.504"/>
  <testcase name="secondTextFieldsTest" classname="testclasses.TextFieldsTest" time="9.189"/>
  <testcase name="textFieldPageValidation" classname="testclasses.TextFieldsTest" time="4.97"/>
  <testcase name="thirdTextFieldsTest" classname="testclasses.TextFieldsTest" time="9.09"/>
</testsuite>